\BOOKMARK [1][-]{title.1}{Title Page}{}% 1
\BOOKMARK [1][-]{abstract.1}{Abstract}{}% 2
\BOOKMARK [1][-]{toc.1}{Table of Contents}{}% 3
\BOOKMARK [0][-]{toclistings.1}{List of Figures}{}% 4
\BOOKMARK [0][-]{toclistings.2}{List of Tables}{}% 5
\BOOKMARK [0][-]{toclistings.3}{List of Listings}{}% 6
\BOOKMARK [0][-]{chapter.1}{1 Introduction}{}% 7
\BOOKMARK [1][-]{section.1.1}{1.1 Why Subword Spotting?}{chapter.1}% 8
\BOOKMARK [1][-]{section.1.2}{1.2 Main Contributions}{chapter.1}% 9
\BOOKMARK [0][-]{chapter.2}{2 Related Work}{}% 10
\BOOKMARK [1][-]{section.2.1}{2.1 Word Spotting}{chapter.2}% 11
\BOOKMARK [1][-]{section.2.2}{2.2 Automatic Handwriting Recognition}{chapter.2}% 12
\BOOKMARK [1][-]{section.2.3}{2.3 Computer Assisted Transcription}{chapter.2}% 13
\BOOKMARK [0][-]{chapter.3}{3 Datasets}{}% 14
\BOOKMARK [1][-]{section.3.1}{3.1 IAM Dataset}{chapter.3}% 15
\BOOKMARK [1][-]{section.3.2}{3.2 Bentham Dataset}{chapter.3}% 16
\BOOKMARK [1][-]{section.3.3}{3.3 Census Names Dataset}{chapter.3}% 17
\BOOKMARK [1][-]{section.3.4}{3.4 Character Annotation}{chapter.3}% 18
\BOOKMARK [1][-]{section.3.5}{3.5 Lexicon}{chapter.3}% 19
\BOOKMARK [0][-]{chapter.4}{4 Subword Spotting}{}% 20
\BOOKMARK [1][-]{section.4.1}{4.1 Implementation}{chapter.4}% 21
\BOOKMARK [2][-]{subsection.4.1.1}{4.1.1 Architecture}{section.4.1}% 22
\BOOKMARK [2][-]{subsection.4.1.2}{4.1.2 Training}{section.4.1}% 23
\BOOKMARK [2][-]{subsection.4.1.3}{4.1.3 Determining Window Widths}{section.4.1}% 24
\BOOKMARK [2][-]{subsection.4.1.4}{4.1.4 Running}{section.4.1}% 25
\BOOKMARK [2][-]{subsection.4.1.5}{4.1.5 Combining QbE Results}{section.4.1}% 26
\BOOKMARK [1][-]{section.4.2}{4.2 Analysis of Subword Spotting}{chapter.4}% 27
\BOOKMARK [2][-]{subsection.4.2.1}{4.2.1 Full Word Spotting}{section.4.2}% 28
\BOOKMARK [2][-]{subsection.4.2.2}{4.2.2 Subword Spotting}{section.4.2}% 29
\BOOKMARK [2][-]{subsection.4.2.3}{4.2.3 Respotting Subwords}{section.4.2}% 30
\BOOKMARK [0][-]{chapter.5}{5 Applications of Subword Spotting}{}% 31
\BOOKMARK [1][-]{section.5.1}{5.1 Manual Transcription Assistant}{chapter.5}% 32
\BOOKMARK [1][-]{section.5.2}{5.2 Prefix/Suffix Spotting}{chapter.5}% 33
\BOOKMARK [1][-]{section.5.3}{5.3 Transcription}{chapter.5}% 34
\BOOKMARK [2][-]{subsection.5.3.1}{5.3.1 Baseline: CAT Through PHOC Vectors}{section.5.3}% 35
\BOOKMARK [2][-]{subsection.5.3.2}{5.3.2 CAT Through Approved Subword Spottings}{section.5.3}% 36
\BOOKMARK [2][-]{subsection.5.3.3}{5.3.3 CAT Through Approved Subword Spottings Using Clustering}{section.5.3}% 37
\BOOKMARK [2][-]{subsection.5.3.4}{5.3.4 CAT Through Unassisted Subword Spotting Using Dynamic Time-Warping Alignment}{section.5.3}% 38
\BOOKMARK [1][-]{section.5.4}{5.4 Evaluation of Transcription Strategies}{chapter.5}% 39
\BOOKMARK [0][-]{chapter.6}{6 Conclusion}{}% 40
\BOOKMARK [1][-]{section.6.1}{6.1 Contributions}{chapter.6}% 41
\BOOKMARK [1][-]{section.6.2}{6.2 Future Work}{chapter.6}% 42
\BOOKMARK [0][-]{toclistings.4}{References}{}% 43
