This is pdfTeX, Version 3.1415926-2.5-1.40.14 (TeX Live 2013/Debian) (format=pdflatex 2017.9.4)  7 NOV 2017 16:00
entering extended mode
 restricted \write18 enabled.
 %&-line parsing enabled.
**byumsphd-example.tex
(./byumsphd-example.tex
LaTeX2e <2011/06/27>
Babel <3.9h> and hyphenation patterns for 4 languages loaded.
(./byumsphd.cls
Document Class: byumsphd 2007/03/10 BYU LaTeX MS/PhD Class
Ignoring option ``letterpaper''
(/usr/share/texlive/texmf-dist/tex/latex/base/report.cls
Document Class: report 2007/10/19 v1.4h Standard LaTeX document class
(/usr/share/texlive/texmf-dist/tex/latex/base/size12.clo
File: size12.clo 2007/10/19 v1.4h Standard LaTeX file (size option)
)
\c@part=\count79
\c@chapter=\count80
\c@section=\count81
\c@subsection=\count82
\c@subsubsection=\count83
\c@paragraph=\count84
\c@subparagraph=\count85
\c@figure=\count86
\c@table=\count87
\abovecaptionskip=\skip41
\belowcaptionskip=\skip42
\bibindent=\dimen102
)
(/usr/share/texlive/texmf-dist/tex/latex/setspace/setspace.sty
Package: setspace 2011/12/19 v6.7a set line spacing
)
(/usr/share/texlive/texmf-dist/tex/latex/geometry/geometry.sty
Package: geometry 2010/09/12 v5.6 Page Geometry

(/usr/share/texlive/texmf-dist/tex/latex/graphics/keyval.sty
Package: keyval 1999/03/16 v1.13 key=value parser (DPC)
\KV@toks@=\toks14
)
(/usr/share/texlive/texmf-dist/tex/generic/oberdiek/ifpdf.sty
Package: ifpdf 2011/01/30 v2.3 Provides the ifpdf switch (HO)
Package ifpdf Info: pdfTeX in PDF mode is detected.
)
(/usr/share/texlive/texmf-dist/tex/generic/oberdiek/ifvtex.sty
Package: ifvtex 2010/03/01 v1.5 Detect VTeX and its facilities (HO)
Package ifvtex Info: VTeX not detected.
)
(/usr/share/texlive/texmf-dist/tex/generic/ifxetex/ifxetex.sty
Package: ifxetex 2010/09/12 v0.6 Provides ifxetex conditional
)
\Gm@cnth=\count88
\Gm@cntv=\count89
\c@Gm@tempcnt=\count90
\Gm@bindingoffset=\dimen103
\Gm@wd@mp=\dimen104
\Gm@odd@mp=\dimen105
\Gm@even@mp=\dimen106
\Gm@layoutwidth=\dimen107
\Gm@layoutheight=\dimen108
\Gm@layouthoffset=\dimen109
\Gm@layoutvoffset=\dimen110
\Gm@dimlist=\toks15
)
(/usr/share/texlive/texmf-dist/tex/latex/listings/listings.sty
\lst@mode=\count91
\lst@gtempboxa=\box26
\lst@token=\toks16
\lst@length=\count92
\lst@currlwidth=\dimen111
\lst@column=\count93
\lst@pos=\count94
\lst@lostspace=\dimen112
\lst@width=\dimen113
\lst@newlines=\count95
\lst@lineno=\count96
\lst@maxwidth=\dimen114

(/usr/share/texlive/texmf-dist/tex/latex/listings/lstmisc.sty
File: lstmisc.sty 2013/08/26 1.5b (Carsten Heinz)
\c@lstnumber=\count97
\lst@skipnumbers=\count98
\lst@framebox=\box27
)
(/usr/share/texlive/texmf-dist/tex/latex/listings/listings.cfg
File: listings.cfg 2013/08/26 1.5b listings configuration
))
Package: listings 2013/08/26 1.5b (Carsten Heinz)
\@assumedcharwidth=\skip43
\@defaultindent=\skip44
\@blankline=\skip45
\@prefacemargingapsingle=\skip46
\@prefacemargingapdouble=\skip47
\c@toclistings=\count99
)
(/usr/share/texlive/texmf-dist/tex/latex/hyperref/hyperref.sty
Package: hyperref 2012/11/06 v6.83m Hypertext links for LaTeX

(/usr/share/texlive/texmf-dist/tex/generic/oberdiek/hobsub-hyperref.sty
Package: hobsub-hyperref 2012/05/28 v1.13 Bundle oberdiek, subset hyperref (HO)


(/usr/share/texlive/texmf-dist/tex/generic/oberdiek/hobsub-generic.sty
Package: hobsub-generic 2012/05/28 v1.13 Bundle oberdiek, subset generic (HO)
Package: hobsub 2012/05/28 v1.13 Construct package bundles (HO)
Package: infwarerr 2010/04/08 v1.3 Providing info/warning/error messages (HO)
Package: ltxcmds 2011/11/09 v1.22 LaTeX kernel commands for general use (HO)
Package: ifluatex 2010/03/01 v1.3 Provides the ifluatex switch (HO)
Package ifluatex Info: LuaTeX not detected.
Package hobsub Info: Skipping package `ifvtex' (already loaded).
Package: intcalc 2007/09/27 v1.1 Expandable calculations with integers (HO)
Package hobsub Info: Skipping package `ifpdf' (already loaded).
Package: etexcmds 2011/02/16 v1.5 Avoid name clashes with e-TeX commands (HO)
Package etexcmds Info: Could not find \expanded.
(etexcmds)             That can mean that you are not using pdfTeX 1.50 or
(etexcmds)             that some package has redefined \expanded.
(etexcmds)             In the latter case, load this package earlier.
Package: kvsetkeys 2012/04/25 v1.16 Key value parser (HO)
Package: kvdefinekeys 2011/04/07 v1.3 Define keys (HO)
Package: pdftexcmds 2011/11/29 v0.20 Utility functions of pdfTeX for LuaTeX (HO
)
Package pdftexcmds Info: LuaTeX not detected.
Package pdftexcmds Info: \pdf@primitive is available.
Package pdftexcmds Info: \pdf@ifprimitive is available.
Package pdftexcmds Info: \pdfdraftmode found.
Package: pdfescape 2011/11/25 v1.13 Implements pdfTeX's escape features (HO)
Package: bigintcalc 2012/04/08 v1.3 Expandable calculations on big integers (HO
)
Package: bitset 2011/01/30 v1.1 Handle bit-vector datatype (HO)
Package: uniquecounter 2011/01/30 v1.2 Provide unlimited unique counter (HO)
)
Package hobsub Info: Skipping package `hobsub' (already loaded).
Package: letltxmacro 2010/09/02 v1.4 Let assignment for LaTeX macros (HO)
Package: hopatch 2012/05/28 v1.2 Wrapper for package hooks (HO)
Package: xcolor-patch 2011/01/30 xcolor patch
Package: atveryend 2011/06/30 v1.8 Hooks at the very end of document (HO)
Package atveryend Info: \enddocument detected (standard20110627).
Package: atbegshi 2011/10/05 v1.16 At begin shipout hook (HO)
Package: refcount 2011/10/16 v3.4 Data extraction from label references (HO)
Package: hycolor 2011/01/30 v1.7 Color options for hyperref/bookmark (HO)
)
(/usr/share/texlive/texmf-dist/tex/latex/oberdiek/auxhook.sty
Package: auxhook 2011/03/04 v1.3 Hooks for auxiliary files (HO)
)
(/usr/share/texlive/texmf-dist/tex/latex/oberdiek/kvoptions.sty
Package: kvoptions 2011/06/30 v3.11 Key value format for package options (HO)
)
\@linkdim=\dimen115
\Hy@linkcounter=\count100
\Hy@pagecounter=\count101

(/usr/share/texlive/texmf-dist/tex/latex/hyperref/pd1enc.def
File: pd1enc.def 2012/11/06 v6.83m Hyperref: PDFDocEncoding definition (HO)
)
\Hy@SavedSpaceFactor=\count102

(/usr/share/texlive/texmf-dist/tex/latex/latexconfig/hyperref.cfg
File: hyperref.cfg 2002/06/06 v1.2 hyperref configuration of TeXLive
)
Package hyperref Info: Option `bookmarks' set `true' on input line 4319.
Package hyperref Info: Option `bookmarksnumbered' set `true' on input line 4319
.
Package hyperref Info: Option `breaklinks' set `false' on input line 4319.
Package hyperref Info: Option `raiselinks' set `true' on input line 4319.
Package hyperref Info: Option `colorlinks' set `false' on input line 4319.
Package hyperref Info: Option `plainpages' set `false' on input line 4319.
Package hyperref Info: Hyper figures OFF on input line 4443.
Package hyperref Info: Link nesting OFF on input line 4448.
Package hyperref Info: Hyper index ON on input line 4451.
Package hyperref Info: Plain pages OFF on input line 4458.
Package hyperref Info: Backreferencing OFF on input line 4463.
Package hyperref Info: Implicit mode ON; LaTeX internals redefined.
Package hyperref Info: Bookmarks ON on input line 4688.
\c@Hy@tempcnt=\count103

(/usr/share/texlive/texmf-dist/tex/latex/url/url.sty
\Urlmuskip=\muskip10
Package: url 2013/09/16  ver 3.4  Verb mode for urls, etc.
)
LaTeX Info: Redefining \url on input line 5041.
\XeTeXLinkMargin=\dimen116
\Fld@menulength=\count104
\Field@Width=\dimen117
\Fld@charsize=\dimen118
Package hyperref Info: Hyper figures OFF on input line 6295.
Package hyperref Info: Link nesting OFF on input line 6300.
Package hyperref Info: Hyper index ON on input line 6303.
Package hyperref Info: backreferencing OFF on input line 6310.
Package hyperref Info: Link coloring OFF on input line 6315.
Package hyperref Info: Link coloring with OCG OFF on input line 6320.
Package hyperref Info: PDF/A mode OFF on input line 6325.
LaTeX Info: Redefining \ref on input line 6365.
LaTeX Info: Redefining \pageref on input line 6369.
\Hy@abspage=\count105
\c@Item=\count106
\c@Hfootnote=\count107
)

Package hyperref Message: Driver (autodetected): hpdftex.

(/usr/share/texlive/texmf-dist/tex/latex/hyperref/hpdftex.def
File: hpdftex.def 2012/11/06 v6.83m Hyperref driver for pdfTeX
\Fld@listcount=\count108
\c@bookmark@seq@number=\count109

(/usr/share/texlive/texmf-dist/tex/latex/oberdiek/rerunfilecheck.sty
Package: rerunfilecheck 2011/04/15 v1.7 Rerun checks for auxiliary files (HO)
Package uniquecounter Info: New unique counter `rerunfilecheck' on input line 2
82.
)
\Hy@SectionHShift=\skip48
)
(/usr/share/texlive/texmf-dist/tex/latex/graphics/graphicx.sty
Package: graphicx 1999/02/16 v1.0f Enhanced LaTeX Graphics (DPC,SPQR)

(/usr/share/texlive/texmf-dist/tex/latex/graphics/graphics.sty
Package: graphics 2009/02/05 v1.0o Standard LaTeX Graphics (DPC,SPQR)

(/usr/share/texlive/texmf-dist/tex/latex/graphics/trig.sty
Package: trig 1999/03/16 v1.09 sin cos tan (DPC)
)
(/usr/share/texlive/texmf-dist/tex/latex/latexconfig/graphics.cfg
File: graphics.cfg 2010/04/23 v1.9 graphics configuration of TeX Live
)
Package graphics Info: Driver file: pdftex.def on input line 91.

(/usr/share/texlive/texmf-dist/tex/latex/pdftex-def/pdftex.def
File: pdftex.def 2011/05/27 v0.06d Graphics/color for pdfTeX
\Gread@gobject=\count110
))
\Gin@req@height=\dimen119
\Gin@req@width=\dimen120
)
(/usr/share/texlive/texmf-dist/tex/latex/caption/caption.sty
Package: caption 2013/05/02 v3.3-89 Customizing captions (AR)

(/usr/share/texlive/texmf-dist/tex/latex/caption/caption3.sty
Package: caption3 2013/05/02 v1.6-88 caption3 kernel (AR)
Package caption3 Info: TeX engine: e-TeX on input line 57.
\captionmargin=\dimen121
\captionmargin@=\dimen122
\captionwidth=\dimen123
\caption@tempdima=\dimen124
\caption@indent=\dimen125
\caption@parindent=\dimen126
\caption@hangindent=\dimen127
)
\c@ContinuedFloat=\count111
Package caption Info: hyperref package is loaded.
Package caption Info: listings package is loaded.
)
(/usr/share/texlive/texmf-dist/tex/latex/caption/subcaption.sty
Package: subcaption 2013/02/03 v1.1-62 Sub-captions (AR)
\c@subfigure=\count112
\c@subtable=\count113
)
(/usr/share/texlive/texmf-dist/tex/latex/float/float.sty
Package: float 2001/11/08 v1.3d Float enhancements (AL)
\c@float@type=\count114
\float@exts=\toks17
\float@box=\box28
\@float@everytoks=\toks18
\@floatcapt=\box29
)
(/usr/share/texlive/texmf-dist/tex/latex/koma-script/scrextend.sty
Package: scrextend 2013/12/19 v3.12 KOMA-Script KOMA-Script package (extend oth
er classes with features of KOMA-Script classes)

(/usr/share/texlive/texmf-dist/tex/latex/koma-script/scrkbase.sty
Package: scrkbase 2013/12/19 v3.12 KOMA-Script package (KOMA-Script-dependent b
asics and keyval usage)

(/usr/share/texlive/texmf-dist/tex/latex/koma-script/scrbase.sty
Package: scrbase 2013/12/19 v3.12 KOMA-Script package (KOMA-Script-independent 
basics and keyval usage)

(/usr/share/texlive/texmf-dist/tex/latex/koma-script/scrlfile.sty
Package: scrlfile 2013/12/19 v3.12 KOMA-Script package (loading files)

Package scrlfile, 2013/12/19 v3.12 KOMA-Script package (loading files)
                  Copyright (C) Markus Kohm

)))

LaTeX Warning: Command \@footnotemark  has changed.
               Check if current package is valid.

) (/usr/share/texlive/texmf-dist/tex/latex/titlesec/titlesec.sty
Package: titlesec 2011/12/15 v2.10.0 Sectioning titles
\ttl@box=\box30
\beforetitleunit=\skip49
\aftertitleunit=\skip50
\ttl@plus=\dimen128
\ttl@minus=\dimen129
\ttl@toksa=\toks19
\titlewidth=\dimen130
\titlewidthlast=\dimen131
\titlewidthfirst=\dimen132
)
(/usr/share/texlive/texmf-dist/tex/latex/algorithm2e/algorithm2e.sty
Package: algorithm2e 2013/01/06 v5.00 algorithms environments
\c@AlgoLine=\count115

(/usr/share/texlive/texmf-dist/tex/latex/base/ifthen.sty
Package: ifthen 2001/05/26 v1.1c Standard LaTeX ifthen package (DPC)
)
(/usr/share/texlive/texmf-dist/tex/latex/tools/xspace.sty
Package: xspace 2009/10/20 v1.13 Space after command names (DPC,MH)
)
(/usr/share/texlive/texmf-dist/tex/latex/relsize/relsize.sty
Package: relsize 2013/03/29 ver 4.1
)
********************************************************
Package `algorithm2e' Release 5.0 -- january 06 2013 --
- algorithm2e-announce@lirmm.fr mailing list for announcement about releases
- algorithm2e-discussion@lirmm.fr mailing list for discussion about package
subscribe by emailing sympa@lirmm.fr with 'subscribe <list> <firstname name>'
- Author: Christophe Fiorio (cfiorio@um2.fr)
********************************************************
\skiptotal=\skip51
\skiplinenumber=\skip52
\skiprule=\skip53
\skiphlne=\skip54
\skiptext=\skip55
\skiplength=\skip56
\algomargin=\skip57
\skipalgocfslide=\skip58
\algowidth=\dimen133
\inoutsize=\dimen134
\inoutindent=\dimen135
\interspacetitleruled=\dimen136
\interspacealgoruled=\dimen137
\interspacetitleboxruled=\dimen138
\algocf@inoutbox=\box31
\algocf@inputbox=\box32
\AlCapSkip=\skip59
\AlCapHSkip=\skip60
\algoskipindent=\skip61
\algocf@nlbox=\box33
\algocf@hangingbox=\box34
\algocf@untilbox=\box35
\algocf@skipuntil=\skip62
\algocf@capbox=\box36
\algoheightruledefault=\skip63
\algoheightrule=\skip64
\algotitleheightruledefault=\skip65
\algotitleheightrule=\skip66
\c@algocfline=\count116
\c@algocfproc=\count117
\c@algocf=\count118
\algocf@algoframe=\box37
\algocf@algobox=\box38
) (/usr/share/texlive/texmf-dist/tex/latex/amsmath/amsmath.sty
Package: amsmath 2013/01/14 v2.14 AMS math features
\@mathmargin=\skip67

For additional information on amsmath, use the `?' option.
(/usr/share/texlive/texmf-dist/tex/latex/amsmath/amstext.sty
Package: amstext 2000/06/29 v2.01

(/usr/share/texlive/texmf-dist/tex/latex/amsmath/amsgen.sty
File: amsgen.sty 1999/11/30 v2.0
\@emptytoks=\toks20
\ex@=\dimen139
))
(/usr/share/texlive/texmf-dist/tex/latex/amsmath/amsbsy.sty
Package: amsbsy 1999/11/29 v1.2d
\pmbraise@=\dimen140
)
(/usr/share/texlive/texmf-dist/tex/latex/amsmath/amsopn.sty
Package: amsopn 1999/12/14 v2.01 operator names
)
\inf@bad=\count119
LaTeX Info: Redefining \frac on input line 210.
\uproot@=\count120
\leftroot@=\count121
LaTeX Info: Redefining \overline on input line 306.
\classnum@=\count122
\DOTSCASE@=\count123
LaTeX Info: Redefining \ldots on input line 378.
LaTeX Info: Redefining \dots on input line 381.
LaTeX Info: Redefining \cdots on input line 466.
\Mathstrutbox@=\box39
\strutbox@=\box40
\big@size=\dimen141
LaTeX Font Info:    Redeclaring font encoding OML on input line 566.
LaTeX Font Info:    Redeclaring font encoding OMS on input line 567.
\macc@depth=\count124
\c@MaxMatrixCols=\count125
\dotsspace@=\muskip11
\c@parentequation=\count126
\dspbrk@lvl=\count127
\tag@help=\toks21
\row@=\count128
\column@=\count129
\maxfields@=\count130
\andhelp@=\toks22
\eqnshift@=\dimen142
\alignsep@=\dimen143
\tagshift@=\dimen144
\tagwidth@=\dimen145
\totwidth@=\dimen146
\lineht@=\dimen147
\@envbody=\toks23
\multlinegap=\skip68
\multlinetaggap=\skip69
\mathdisplay@stack=\toks24
LaTeX Info: Redefining \[ on input line 2665.
LaTeX Info: Redefining \] on input line 2666.
)
(/usr/share/texlive/texmf-dist/tex/latex/oberdiek/hypcap.sty
Package: hypcap 2011/02/16 v1.11 Adjusting the anchors of captions (HO)
)
(/usr/share/texlive/texmf-dist/tex/latex/natbib/natbib.sty
Package: natbib 2010/09/13 8.31b (PWD, AO)
\bibhang=\skip70
\bibsep=\skip71
LaTeX Info: Redefining \cite on input line 694.
\c@NAT@ctr=\count131
)
(/usr/share/texlive/texmf-dist/tex/latex/hypernat/hypernat.sty
Package: hypernat 2001/07/09 v1.0b hyperref and natbib compatibility (jb)
)
(/usr/share/texlive/texmf-dist/tex/latex/microtype/microtype.sty
Package: microtype 2013/05/23 v2.5a Micro-typographical refinements (RS)
\MT@toks=\toks25
\MT@count=\count132
LaTeX Info: Redefining \textls on input line 766.
\MT@outer@kern=\dimen148
LaTeX Info: Redefining \textmicrotypecontext on input line 1285.
\MT@listname@count=\count133

(/usr/share/texlive/texmf-dist/tex/latex/microtype/microtype-pdftex.def
File: microtype-pdftex.def 2013/05/23 v2.5a Definitions specific to pdftex (RS)

LaTeX Info: Redefining \lsstyle on input line 915.
LaTeX Info: Redefining \lslig on input line 915.
\MT@outer@space=\skip72
)
Package microtype Info: Loading configuration file microtype.cfg.

(/usr/share/texlive/texmf-dist/tex/latex/microtype/microtype.cfg
File: microtype.cfg 2013/05/23 v2.5a microtype main configuration file (RS)
))
(./byumsphd-example.aux)
\openout1 = `byumsphd-example.aux'.

LaTeX Font Info:    Checking defaults for OML/cmm/m/it on input line 244.
LaTeX Font Info:    ... okay on input line 244.
LaTeX Font Info:    Checking defaults for T1/cmr/m/n on input line 244.
LaTeX Font Info:    ... okay on input line 244.
LaTeX Font Info:    Checking defaults for OT1/cmr/m/n on input line 244.
LaTeX Font Info:    ... okay on input line 244.
LaTeX Font Info:    Checking defaults for OMS/cmsy/m/n on input line 244.
LaTeX Font Info:    ... okay on input line 244.
LaTeX Font Info:    Checking defaults for OMX/cmex/m/n on input line 244.
LaTeX Font Info:    ... okay on input line 244.
LaTeX Font Info:    Checking defaults for U/cmr/m/n on input line 244.
LaTeX Font Info:    ... okay on input line 244.
LaTeX Font Info:    Checking defaults for PD1/pdf/m/n on input line 244.
LaTeX Font Info:    ... okay on input line 244.

*geometry* driver: auto-detecting
*geometry* detected driver: pdftex
*geometry* verbose mode - [ preamble ] result:
* driver: pdftex
* paper: letterpaper
* layout: <same size as paper>
* layoutoffset:(h,v)=(0.0pt,0.0pt)
* hratio: 1:1
* modes: twoside 
* h-part:(L,W,R)=(72.27pt, 469.75499pt, 72.27pt)
* v-part:(T,H,B)=(72.26999pt, 650.43001pt, 72.26999pt)
* \paperwidth=614.295pt
* \paperheight=794.96999pt
* \textwidth=469.75499pt
* \textheight=650.43001pt
* \oddsidemargin=0.00002pt
* \evensidemargin=0.00002pt
* \topmargin=-37.0pt
* \headheight=12.0pt
* \headsep=25.0pt
* \topskip=12.0pt
* \footskip=30.0pt
* \marginparwidth=95.0pt
* \marginparsep=10.0pt
* \columnsep=10.0pt
* \skip\footins=10.8pt plus 4.0pt minus 2.0pt
* \hoffset=0.0pt
* \voffset=0.0pt
* \mag=1000
* \@twocolumnfalse
* \@twosidetrue
* \@mparswitchtrue
* \@reversemarginfalse
* (1in=72.27pt=25.4mm, 1cm=28.453pt)

\c@lstlisting=\count134
\AtBeginShipoutBox=\box41
Package hyperref Info: Link coloring OFF on input line 244.
(/usr/share/texlive/texmf-dist/tex/latex/hyperref/nameref.sty
Package: nameref 2012/10/27 v2.43 Cross-referencing by name of section

(/usr/share/texlive/texmf-dist/tex/generic/oberdiek/gettitlestring.sty
Package: gettitlestring 2010/12/03 v1.4 Cleanup title references (HO)
)
\c@section@level=\count135
)
LaTeX Info: Redefining \ref on input line 244.
LaTeX Info: Redefining \pageref on input line 244.
LaTeX Info: Redefining \nameref on input line 244.

(./byumsphd-example.out) (./byumsphd-example.out)
\@outlinefile=\write3
\openout3 = `byumsphd-example.out'.


(/usr/share/texlive/texmf-dist/tex/context/base/supp-pdf.mkii
[Loading MPS to PDF converter (version 2006.09.02).]
\scratchcounter=\count136
\scratchdimen=\dimen149
\scratchbox=\box42
\nofMPsegments=\count137
\nofMParguments=\count138
\everyMPshowfont=\toks26
\MPscratchCnt=\count139
\MPscratchDim=\dimen150
\MPnumerator=\count140
\makeMPintoPDFobject=\count141
\everyMPtoPDFconversion=\toks27
) (/usr/share/texlive/texmf-dist/tex/latex/oberdiek/epstopdf-base.sty
Package: epstopdf-base 2010/02/09 v2.5 Base part for package epstopdf

(/usr/share/texlive/texmf-dist/tex/latex/oberdiek/grfext.sty
Package: grfext 2010/08/19 v1.1 Manage graphics extensions (HO)
)
Package grfext Info: Graphics extension search list:
(grfext)             [.png,.pdf,.jpg,.mps,.jpeg,.jbig2,.jb2,.PNG,.PDF,.JPG,.JPE
G,.JBIG2,.JB2,.eps]
(grfext)             \AppendGraphicsExtensions on input line 452.

(/usr/share/texlive/texmf-dist/tex/latex/latexconfig/epstopdf-sys.cfg
File: epstopdf-sys.cfg 2010/07/13 v1.3 Configuration of (r)epstopdf for TeX Liv
e
))
Package caption Info: Begin \AtBeginDocument code.
Package caption Info: float package is loaded.
Package caption Info: hypcap package is loaded.
Package caption Info: End \AtBeginDocument code.
LaTeX Info: Redefining \microtypecontext on input line 244.
Package microtype Info: Generating PDF output.
Package microtype Info: Character protrusion enabled (level 2).
Package microtype Info: Using default protrusion set `alltext'.
Package microtype Info: Automatic font expansion enabled (level 2),
(microtype)             stretch: 20, shrink: 20, step: 1, non-selected.
Package microtype Info: Using default expansion set `basictext'.
Package microtype Info: No adjustment of tracking.
Package microtype Info: No adjustment of interword spacing.
Package microtype Info: No adjustment of character kerning.

(/usr/share/texlive/texmf-dist/tex/latex/microtype/mt-cmr.cfg
File: mt-cmr.cfg 2013/05/19 v2.2 microtype config. file: Computer Modern Roman 
(RS)
)
LaTeX Font Info:    Try loading font information for OMS+cmr on input line 249.


(/usr/share/texlive/texmf-dist/tex/latex/base/omscmr.fd
File: omscmr.fd 1999/05/25 v2.5h Standard LaTeX font definitions
)
LaTeX Font Info:    Font shape `OMS/cmr/m/n' in size <12> not available
(Font)              Font shape `OMS/cmsy/m/n' tried instead on input line 249.
 [1


{/var/lib/texmf/fonts/map/pdftex/updmap/pdftex.map}]
Overfull \hbox (18.39798pt too wide) in paragraph at lines 249--249
[]\OT1/cmr/m/n/12 (-20) Note that there is a blank line be-tween para-graphs, h
ere. X==================
 []

[2

] [3

] [4


] (./byumsphd-example.toc [5])
\tf@toc=\write4
\openout4 = `byumsphd-example.toc'.

 [6] (./byumsphd-example.lof
Package microtype Info: Loading generic settings for font family
(microtype)             `cmtt' (encoding: OT1).
(microtype)             For optimal results, create family-specific settings.
(microtype)             See the microtype manual for details.
 [7


]
[8])
\tf@lof=\write5
\openout5 = `byumsphd-example.lof'.

 [9] [10


] (./byumsphd-example.lot)
\tf@lot=\write6
\openout6 = `byumsphd-example.lot'.

 [11] [12


] (./byumsphd-example.lol)
\tf@lol=\write7
\openout7 = `byumsphd-example.lol'.


[13] [14


]
Chapter 1.
[1


] <spotting_explination_pay.png, id=353, 244.63396pt x 115.27065pt>
File: spotting_explination_pay.png Graphic file (type png)

<use spotting_explination_pay.png>
Package pdftex.def Info: spotting_explination_pay.png used on input line 271.
(pdftex.def)             Requested size: 216.09044pt x 101.82367pt.

<spotting_explination_payment.png, id=355, 244.63396pt x 115.27065pt>
File: spotting_explination_payment.png Graphic file (type png)

<use spotting_explination_payment.png>
Package pdftex.def Info: spotting_explination_payment.png used on input line 27
7.
(pdftex.def)             Requested size: 216.09044pt x 101.82367pt.

<spotting_explination_sub_pay.png, id=356, 244.63396pt x 115.27065pt>
File: spotting_explination_sub_pay.png Graphic file (type png)

<use spotting_explination_sub_pay.png>
Package pdftex.def Info: spotting_explination_sub_pay.png used on input line 28
7.
(pdftex.def)             Requested size: 216.09044pt x 101.82367pt.

<spotting_explination_sub_pa.png, id=357, 244.63396pt x 115.27065pt>
File: spotting_explination_sub_pa.png Graphic file (type png)

<use spotting_explination_sub_pa.png>
Package pdftex.def Info: spotting_explination_sub_pa.png used on input line 293
.
(pdftex.def)             Requested size: 216.09044pt x 101.82367pt.
 [2 <./spotting_explination_pay.png> <./spotting_explination_payment.png> <./sp
otting_explination_sub_pay.png> <./spotting_explination_sub_pa.png>] <ei.png, i
d=374, 36.135pt x 23.1264pt>
File: ei.png Graphic file (type png)
 <use ei.png>
Package pdftex.def Info: ei.png used on input line 322.
(pdftex.def)             Requested size: 211.3883pt x 135.32559pt.

[3] <spotting_completion_payment.png, id=383, 153.57375pt x 152.12836pt>
File: spotting_completion_payment.png Graphic file (type png)

<use spotting_completion_payment.png>
Package pdftex.def Info: spotting_completion_payment.png used on input line 335
.
(pdftex.def)             Requested size: 258.36667pt x 255.95224pt.
 [4 <./ei.png>] [5 <./spotting_completion_payment.png>] [6


]
Chapter 2.
<vertwind.png, id=403, 187.4202pt x 126.9543pt>
File: vertwind.png Graphic file (type png)
 <use vertwind.png>
Package pdftex.def Info: vertwind.png used on input line 362.
(pdftex.def)             Requested size: 422.77661pt x 286.40001pt.
 [7] [8 <./vertwind.png>] <phoc.png, id=429, 715.67375pt x 339.2675pt>
File: phoc.png Graphic file (type png)
 <use phoc.png>
Package pdftex.def Info: phoc.png used on input line 376.
(pdftex.def)             Requested size: 305.33788pt x 144.74846pt.
LaTeX Font Info:    Try loading font information for OML+cmr on input line 386.


(/usr/share/texlive/texmf-dist/tex/latex/base/omlcmr.fd
File: omlcmr.fd 1999/05/25 v2.5h Standard LaTeX font definitions
)
LaTeX Font Info:    Font shape `OML/cmr/m/n' in size <12> not available
(Font)              Font shape `OML/cmm/m/it' tried instead on input line 386.
 [9 <./phoc.png (PNG copy)>]

LaTeX Warning: Reference `germanlines' on page 10 undefined on input line 393.

[10] <Toselli_multimodalCAT.png, id=466, 837.1275pt x 261.97874pt>
File: Toselli_multimodalCAT.png Graphic file (type png)

<use Toselli_multimodalCAT.png>
Package pdftex.def Info: Toselli_multimodalCAT.png used on input line 415.
(pdftex.def)             Requested size: 446.2658pt x 139.65556pt.
 [11 <./Toselli_multimodalCAT.png>]
<ii_ex_a.png, id=484, 219.26718pt x 152.92332pt>
File: ii_ex_a.png Graphic file (type png)
 <use ii_ex_a.png>
Package pdftex.def Info: ii_ex_a.png used on input line 432.
(pdftex.def)             Requested size: 216.09044pt x 150.70618pt.

<ii_ex_b.png, id=485, 218.68903pt x 152.92332pt>
File: ii_ex_b.png Graphic file (type png)
 <use ii_ex_b.png>
Package pdftex.def Info: ii_ex_b.png used on input line 438.
(pdftex.def)             Requested size: 216.09044pt x 151.1052pt.

<zagoris.png, id=491, 725.71124pt x 346.29375pt>
File: zagoris.png Graphic file (type png)
 <use zagoris.png>
Package pdftex.def Info: zagoris.png used on input line 452.
(pdftex.def)             Requested size: 422.77661pt x 201.7435pt.
Missing character: There is no â in font cmr12!
Missing character: There is no € in font cmr12!
Missing character: There is no ™ in font cmr12!
 [12]
[13 <./ii_ex_a.png> <./ii_ex_b.png> <./zagoris.png>]
<carpet.png, id=515, 337.7418pt x 218.2554pt>
File: carpet.png Graphic file (type png)
 <use carpet.png>
Package pdftex.def Info: carpet.png used on input line 461.
(pdftex.def)             Requested size: 422.77661pt x 273.22153pt.
 [14] [15 <./carpet.png>] [16]
Chapter 3.
<IAM_examples.png, id=536, 2077.7625pt x 949.5475pt>
File: IAM_examples.png Graphic file (type png)
 <use IAM_examples.png>
Package pdftex.def Info: IAM_examples.png used on input line 491.
(pdftex.def)             Requested size: 422.77661pt x 193.2096pt.

[17


] <bentham_examples.png, id=546, 420.6114pt x 330.7557pt>
File: bentham_examples.png Graphic file (type png)

<use bentham_examples.png>
Package pdftex.def Info: bentham_examples.png used on input line 507.
(pdftex.def)             Requested size: 422.77661pt x 332.47083pt.


LaTeX Warning: Reference `fig:makenames' on page 18 undefined on input line 513
.


LaTeX Warning: Reference `fig:makenames' on page 18 undefined on input line 513
.


LaTeX Warning: Reference `fig:makenames' on page 18 undefined on input line 513
.


LaTeX Warning: Reference `fig:makenames' on page 18 undefined on input line 513
.


LaTeX Warning: Reference `fig:makenames' on page 18 undefined on input line 513
.


LaTeX Warning: Reference `fig:makenames' on page 18 undefined on input line 513
.


LaTeX Warning: Reference `fig:makenames' on page 18 undefined on input line 513
.


LaTeX Warning: Reference `fig:makenames' on page 18 undefined on input line 513
.

[18 <./IAM_examples.png>] [19 <./bentham_examples.png>]
<names_examples.png, id=558, 407.5225pt x 752.8125pt>
File: names_examples.png Graphic file (type png)
 <use names_examples.png>
Package pdftex.def Info: names_examples.png used on input line 535.
(pdftex.def)             Requested size: 352.31624pt x 650.86371pt.


LaTeX Warning: Float too large for page by 24.93369pt on input line 538.

<charseg.png, id=560, 78.2925pt x 32.0397pt>
File: charseg.png Graphic file (type png)
 <use charseg.png>
Package pdftex.def Info: charseg.png used on input line 544.
(pdftex.def)             Requested size: 234.87749pt x 96.13252pt.
 [20] [21 <./names_examples.png>] [22 <./charseg.png>]
Chapter 4.

LaTeX Warning: Reference `relatedwork_wordspotting' on page 23 undefined on inp
ut line 569.

[23


] <thesis-phocnet.png, id=591, 1306.8825pt x 367.3725pt>
File: thesis-phocnet.png Graphic file (type png)

<use thesis-phocnet.png>
Package pdftex.def Info: thesis-phocnet.png used on input line 580.
(pdftex.def)             Requested size: 460.35788pt x 129.40631pt.
 [24 <./thesis-phocnet.png>]
<Captain_unwarped.png, id=605, 417.56pt x 120.45pt>
File: Captain_unwarped.png Graphic file (type png)
 <use Captain_unwarped.png>
Package pdftex.def Info: Captain_unwarped.png used on input line 601.
(pdftex.def)             Requested size: 216.09044pt x 62.33476pt.

<Captain_warped.png, id=606, 417.56pt x 120.45pt>
File: Captain_warped.png Graphic file (type png)
 <use Captain_warped.png>
Package pdftex.def Info: Captain_warped.png used on input line 607.
(pdftex.def)             Requested size: 216.09044pt x 62.33476pt.

[25 <./Captain_unwarped.png> <./Captain_warped.png (PNG copy)>]
Package microtype Info: Loading generic settings for font family
(microtype)             `cmss' (encoding: OT1).
(microtype)             For optimal results, create family-specific settings.
(microtype)             See the microtype manual for details.
LaTeX Font Info:    Try loading font information for OT1+qag on input line 631.


(/usr/share/texmf/tex/latex/tex-gyre/ot1qag.fd
File: ot1qag.fd 2009/09/25 v1.2 font definition file for OT1/qag
)
Package microtype Info: Loading generic settings for font family
(microtype)             `qag' (encoding: OT1).
(microtype)             For optimal results, create family-specific settings.
(microtype)             See the microtype manual for details.
 [26]

LaTeX Warning: Reference `TODO' on page 27 undefined on input line 687.

[27] <removengrams.png, id=634, 867.24pt x 536.0025pt>
File: removengrams.png Graphic file (type png)
 <use removengrams.png>
Package pdftex.def Info: removengrams.png used on input line 753.
(pdftex.def)             Requested size: 352.31624pt x 217.75047pt.


LaTeX Warning: Reference `fig:unigram' on page 28 undefined on input line 758.


LaTeX Warning: Reference `fig:??' on page 28 undefined on input line 758.


LaTeX Warning: Reference `fig:??' on page 28 undefined on input line 758.

[28] [29 <./removengrams.png (PNG copy)>]
<unigram_respot_chart.png, id=647, 885.3075pt x 547.04375pt>
File: unigram_respot_chart.png Graphic file (type png)

<use unigram_respot_chart.png>
Package pdftex.def Info: unigram_respot_chart.png used on input line 786.
(pdftex.def)             Requested size: 352.31624pt x 217.70343pt.

<bigram_respot_chart.png, id=648, 881.2925pt x 545.03625pt>
File: bigram_respot_chart.png Graphic file (type png)

<use bigram_respot_chart.png>
Package pdftex.def Info: bigram_respot_chart.png used on input line 792.
(pdftex.def)             Requested size: 352.31624pt x 217.8859pt.

<trigram_respot_chart.png, id=649, 878.28125pt x 543.02875pt>
File: trigram_respot_chart.png Graphic file (type png)

<use trigram_respot_chart.png>
Package pdftex.def Info: trigram_respot_chart.png used on input line 798.
(pdftex.def)             Requested size: 352.31624pt x 217.83737pt.
 [30 <./unigram_respot_chart.png (PNG copy)>]
[31 <./bigram_respot_chart.png (PNG copy)> <./trigram_respot_chart.png (PNG cop
y)>] [32


]
Chapter 5.
[33] <suffix_IAM_ap.png, id=666, 785.93625pt x 699.61375pt>
File: suffix_IAM_ap.png Graphic file (type png)

<use suffix_IAM_ap.png>
Package pdftex.def Info: suffix_IAM_ap.png used on input line 919.
(pdftex.def)             Requested size: 232.53pt x 206.99275pt.
 <suffix_IAM_count.png, id=667, 786.94pt x 699.61375pt>
File: suffix_IAM_count.png Graphic file (type png)

<use suffix_IAM_count.png>
Package pdftex.def Info: suffix_IAM_count.png used on input line 925.
(pdftex.def)             Requested size: 232.53pt x 206.72588pt.
 [34 <./suffix_IAM_ap.png (PNG copy)> <./suffix_IAM_count.png (PNG copy)>]
Overfull \hbox (8.24495pt too wide) in paragraph at lines 949--949
 |[]\OT1/cmr/bx/n/12 CAT Through Unas-sisted Sub-word Spot-ting Us-ing Dy-namic
 Time-Warping
 []

<flow6.png, id=674, 1220.27895pt x 722.7pt>
File: flow6.png Graphic file (type png)
 <use flow6.png>
Package pdftex.def Info: flow6.png used on input line 959.
(pdftex.def)             Requested size: 422.77661pt x 250.3904pt.
 [35] [36 <./flow6.png>] [37] [38]
Overfull \vbox (85.71928pt too high) has occurred while \output is active []


[39] [40]
Chapter 6.
(./byumsphd-example.bbl [41


] [42


]
Missing character: There is no Ã in font cmr12!
Missing character: There is no ¡ in font cmr12!
 [43] [44]
Missing character: There is no Ã in font cmr12!
Missing character: There is no ¡ in font cmr12!
 [45])
Package atveryend Info: Empty hook `BeforeClearDocument' on input line 1103.
 [46]
Package atveryend Info: Empty hook `AfterLastShipout' on input line 1103.
 (./byumsphd-example.aux)
Package atveryend Info: Executing hook `AtVeryEndDocument' on input line 1103.
Package atveryend Info: Executing hook `AtEndAfterFileList' on input line 1103.

Package rerunfilecheck Info: File `byumsphd-example.out' has not changed.
(rerunfilecheck)             Checksum: 87A735B6A45C0119364F80651D20CC95;2493.

LaTeX Warning: There were undefined references.


LaTeX Warning: Label(s) may have changed. Rerun to get cross-references right.

Package atveryend Info: Empty hook `AtVeryVeryEnd' on input line 1103.
 )
(\end occurred inside a group at level 2)

### semi simple group (level 2) entered at line 1101 (\begingroup)
### semi simple group (level 1) entered at line 244 (\begingroup)
### bottom level 
Here is how much of TeX's memory you used:
 13470 strings out of 494985
 205277 string characters out of 6180357
 388802 words of memory out of 5000000
 16210 multiletter control sequences out of 15000+600000
 19000 words of font info for 99 fonts, out of 8000000 for 9000
 36 hyphenation exceptions out of 8191
 36i,16n,41p,1624b,1629s stack positions out of 5000i,500n,10000p,200000b,80000s
{/usr/share/texmf/fonts/enc/dvips/tex-gyre/q-rm.enc}</usr/share
/texlive/texmf-dist/fonts/type1/public/amsfonts/cm/cmbx12.pfb></usr/share/texli
ve/texmf-dist/fonts/type1/public/amsfonts/cm/cmmi12.pfb></usr/share/texlive/tex
mf-dist/fonts/type1/public/amsfonts/cm/cmmi8.pfb></usr/share/texlive/texmf-dist
/fonts/type1/public/amsfonts/cm/cmr10.pfb></usr/share/texlive/texmf-dist/fonts/
type1/public/amsfonts/cm/cmr12.pfb></usr/share/texlive/texmf-dist/fonts/type1/p
ublic/amsfonts/cm/cmr7.pfb></usr/share/texlive/texmf-dist/fonts/type1/public/am
sfonts/cm/cmr8.pfb></usr/share/texlive/texmf-dist/fonts/type1/public/amsfonts/c
m/cmss12.pfb></usr/share/texlive/texmf-dist/fonts/type1/public/amsfonts/cm/cmsy
10.pfb></usr/share/texlive/texmf-dist/fonts/type1/public/amsfonts/cm/cmsy8.pfb>
</usr/share/texlive/texmf-dist/fonts/type1/public/amsfonts/cm/cmti12.pfb></usr/
share/texlive/texmf-dist/fonts/type1/public/amsfonts/cm/cmtt10.pfb></usr/share/
texlive/texmf-dist/fonts/type1/public/amsfonts/cm/cmtt12.pfb></usr/share/texmf/
fonts/type1/public/tex-gyre/qagr.pfb>
Output written on byumsphd-example.pdf (60 pages, 8467995 bytes).
PDF statistics:
 841 PDF objects out of 1000 (max. 8388607)
 708 compressed objects within 8 object streams
 171 named destinations out of 1000 (max. 500000)
 16296 words of extra memory for PDF output out of 17280 (max. 10000000)

